[0.01 1 10] | am | 8.863763 | [0.949745051323729;0.953062724054241] | 0.953063 
[0.01 1 100] | am | 8.087946 | [0.95203847609717;0.952840061454877] | 0.952840 
[0.01 1 500] | am | 8.041138 | [0.953218587873795;0.950457571641691] | 0.953219 
[0.01 5 10] | am | 8.038447 | [0.952995925274432;0.95312952283405] | 0.953130 
[0.01 5 100] | am | 8.166748 | [0.956157734185389;0.946850437532008] | 0.956158 
[0.01 5 500] | am | 8.125015 | [0.95221660617666;0.952728730155196] | 0.952729 
[0.001 1 10] | am | 8.148222 | [0.966711941395204;0.964017723942909] | 0.966712 
[0.001 1 100] | am | 8.054737 | [0.966578343835586;0.965064238159916] | 0.966578 
[0.001 1 500] | am | 8.102508 | [0.961635234129723;0.960833648772016] | 0.961635 
[0.001 5 10] | am | 8.088934 | [0.96098951259157;0.956825721983478] | 0.960990 
[0.001 5 100] | am | 8.108898 | [0.96141257153036;0.964440782881699] | 0.964441 
[0.001 5 500] | am | 8.059504 | [0.963260671105075;0.965910356037496] | 0.965910 
[0.0001 1 10] | am | 8.065434 | [0.964574380441317;0.966355681236223] | 0.966356 
[0.0001 1 100] | am | 8.068355 | [0.969562022667053;0.968047916991383] | 0.969562 
[0.0001 1 500] | am | 8.112573 | [0.966511545055777;0.964685711740999] | 0.966512 
[0.0001 5 10] | am | 8.107687 | [0.951882612277616;0.961590701609851] | 0.961591 
[0.0001 5 100] | am | 8.037129 | [0.966043953597114;0.959519939435773] | 0.966044 
[0.0001 5 500] | am | 8.082773 | [0.956157734185389;0.958851951637683] | 0.958852 
[0.0001 1 10] | am | 8.084273 | [0.951014228140099;0.969116697468326] | 0.969117 
[0.0001 1 100] | am | 8.108051 | [0.964418516621763;0.968983099908708] | 0.968983 
[0.0001 1 500] | am | 8.000640 | [0.962303221927813;0.967179532853866] | 0.967180 
[0.0001 5 10] | am | 8.210464 | [0.965086504419853;0.950546636681437] | 0.965087 
[0.0001 5 100] | am | 8.074742 | [0.964440782881699;0.942820244483534] | 0.964441 
[0.0001 5 500] | am | 8.088675 | [0.957048384582842;0.948898933446149] | 0.957048 
[0.01 1 10] | an | 3.324939 | [0.883009121881525;0.866586076158031] | 0.883009 
[0.01 1 100] | an | 3.349362 | [0.879107594241125;0.863618880158251] | 0.879108 
[0.01 1 500] | an | 3.274172 | [0.883119024068579;0.869553272157811] | 0.883119 
[0.01 5 10] | an | 3.320198 | [0.888174524673041;0.875817352601791] | 0.888175 
[0.01 5 100] | an | 3.289670 | [0.881250686888669;0.86219023023243] | 0.881251 
[0.01 5 500] | an | 3.268001 | [0.899439498846027;0.867135556898731] | 0.899439 
[0.001 1 10] | an | 3.308064 | [0.905978678975712;0.914555744821144] | 0.914556 
[0.001 1 100] | an | 3.317114 | [0.921364985163205;0.921479202153965] | 0.921479 
[0.001 1 500] | an | 3.325749 | [0.917463457522805;0.919501071487444] | 0.919501 
[0.001 5 10] | an | 3.310681 | [0.884822507967909;0.825869553272158] | 0.884823 
[0.001 5 100] | an | 3.268485 | [0.866413891636444;0.914500796747074] | 0.914501 
[0.001 5 500] | an | 3.270021 | [0.891361688097593;0.899609868674103] | 0.899610 
[0.0001 1 10] | an | 3.297531 | [0.911308935047807;0.917522940820924] | 0.917523 
[0.0001 1 100] | an | 3.271618 | [0.921474887350258;0.880707731194022] | 0.921475 
[0.0001 1 500] | an | 3.282196 | [0.877294208154742;0.917962525413484] | 0.917963 
[0.0001 5 10] | an | 3.314052 | [0.902571711177052;0.885488213638112] | 0.902572 
[0.0001 5 100] | an | 3.316015 | [0.896801846356743;0.86208033408429] | 0.896802 
[0.0001 5 500] | an | 3.301536 | [0.857951423233322;0.894279905489313] | 0.894280 
[0.0001 1 10] | an | 3.287591 | [0.909550500054951;0.915544810154404] | 0.915545 
[0.0001 1 100] | an | 3.270452 | [0.891361688097593;0.85916808615858] | 0.891362 
[0.0001 1 500] | an | 3.314721 | [0.916584240026377;0.894609593933733] | 0.916584 
[0.0001 5 10] | an | 3.326212 | [0.87954720298934;0.682455079949448] | 0.879547 
[0.0001 5 100] | an | 3.288750 | [0.857896472139796;0.900379141711083] | 0.900379 
[0.0001 5 500] | an | 3.342439 | [0.899109792284866;0.897961426452003] | 0.899110 
