[0.01 1 10] | am | 8.895556 | [0.953240854133731;0.949188394825321] | 0.953241 
[0.01 1 100] | am | 8.372257 | [0.950813831800672;0.954888557369019] | 0.954889 
[0.01 1 500] | am | 8.112591 | [0.954443232170292;0.952595132595578] | 0.954443 
[0.01 5 10] | am | 8.712854 | [0.949989980183029;0.955200285008127] | 0.955200 
[0.01 5 100] | am | 8.299912 | [0.954732693549465;0.951325955779208] | 0.954733 
[0.01 5 500] | am | 8.397308 | [0.944957805437421;0.955333882567745] | 0.955334 
[0.001 1 10] | am | 8.463705 | [0.964084522722718;0.966244349936541] | 0.966244 
[0.001 1 100] | am | 8.334336 | [0.963394268664692;0.965197835719534] | 0.965198 
[0.001 1 500] | am | 8.267392 | [0.962793079646412;0.964039990202846] | 0.964040 
[0.001 5 10] | am | 8.399377 | [0.962525884527176;0.94883213466634] | 0.962526 
[0.001 5 100] | am | 8.216480 | [0.964529847921445;0.942753445703725] | 0.964530 
[0.001 5 500] | am | 8.066940 | [0.954732693549465;0.954487764690165] | 0.954733 
[0.0001 1 10] | am | 8.193184 | [0.964084522722718;0.965665427178197] | 0.965665 
[0.0001 1 100] | am | 8.043829 | [0.961323506490615;0.96715726659393] | 0.967157 
[0.0001 1 500] | am | 8.072670 | [0.967290864153548;0.962726280866603] | 0.967291 
[0.0001 5 10] | am | 8.122161 | [0.963171606065329;0.955022154928637] | 0.963172 
[0.0001 5 100] | am | 8.118620 | [0.943866758700541;0.953708445592394] | 0.953708 
[0.0001 5 500] | am | 8.072544 | [0.943399167241878;0.961434837790296] | 0.961435 
[0.0001 1 10] | am | 8.052823 | [0.966600610095522;0.965309167019216] | 0.966601 
[0.0001 1 100] | am | 8.096181 | [0.966088486116987;0.957315579702077] | 0.966088 
[0.0001 1 500] | am | 8.074665 | [0.962236423148004;0.962525884527176] | 0.962526 
[0.0001 5 10] | am | 8.120892 | [0.926053750751486;0.948743069626595] | 0.948743 
[0.0001 5 100] | am | 8.104040 | [0.95397564071163;0.943310102202133] | 0.953976 
[0.0001 5 500] | am | 8.080759 | [0.935761840083721;0.962793079646412] | 0.962793 
[0.01 1 10] | an | 3.329574 | [0.893230025277503;0.883180394527172] | 0.893230 
[0.01 1 100] | an | 3.312646 | [0.872898120672601;0.874663443046321] | 0.874663 
[0.01 1 500] | an | 3.325864 | [0.872843169579075;0.885158525193692] | 0.885159 
[0.01 5 10] | an | 3.296400 | [0.896307286515002;0.895653607341063] | 0.896307 
[0.01 5 100] | an | 3.275850 | [0.865095065391801;0.875817352601791] | 0.875817 
[0.01 5 500] | an | 3.272069 | [0.882679415320365;0.85735479971427] | 0.882679 
[0.001 1 10] | an | 3.293237 | [0.915705022529948;0.913731523710094] | 0.915705 
[0.001 1 100] | an | 3.264803 | [0.918067919551599;0.914116160228584] | 0.918068 
[0.001 1 500] | an | 3.262388 | [0.922354104846686;0.915434914006264] | 0.922354 
[0.001 5 10] | an | 3.254414 | [0.897241455104957;0.887631188526842] | 0.897241 
[0.001 5 100] | an | 3.261207 | [0.916254533465216;0.883015550304962] | 0.916255 
[0.001 5 500] | an | 3.277234 | [0.798878997692054;0.902632012747953] | 0.902632 
[0.0001 1 10] | an | 3.272416 | [0.900978129464776;0.918292213857904] | 0.918292 
[0.0001 1 100] | an | 3.260693 | [0.903341026486427;0.910819275784384] | 0.910819 
[0.0001 1 500] | an | 3.259038 | [0.908836135839103;0.691136875652508] | 0.908836 
[0.0001 5 10] | an | 3.273168 | [0.892570612155182;0.869498324083741] | 0.892571 
[0.0001 5 100] | an | 3.260272 | [0.824211451807891;0.869937908676301] | 0.869938 
[0.0001 5 500] | an | 3.277524 | [0.885426969996703;0.869992856750371] | 0.885427 
[0.0001 1 10] | an | 3.278260 | [0.898780085723706;0.883180394527172] | 0.898780 
[0.0001 1 100] | an | 3.241353 | [0.925431366084185;0.917193252376504] | 0.925431 
[0.0001 1 500] | an | 3.296996 | [0.917023848774591;0.903511181933073] | 0.917024 
[0.0001 5 10] | an | 3.280498 | [0.909880206616112;0.891202813341392] | 0.909880 
[0.0001 5 100] | an | 3.354923 | [0.889108693262996;0.86147590526952] | 0.889109 
[0.0001 5 500] | an | 3.276999 | [0.851686998571272;0.883619979119732] | 0.883620 
