[0.01 1 10] | am | 8.369844 | [0.955534278907172;0.952706463895259] | 0.955534 
[0.01 1 100] | am | 7.753604 | [0.951949411057425;0.952060742357106] | 0.952061 
[0.01 1 500] | am | 7.730395 | [0.95415377079112;0.953485782993031] | 0.954154 
[0.01 5 10] | am | 7.818499 | [0.952439268776024;0.950969695620227] | 0.952439 
[0.01 5 100] | am | 7.752619 | [0.952840061454877;0.955044421188573] | 0.955044 
[0.01 5 500] | am | 7.774815 | [0.957760904900804;0.948631738326913] | 0.957761 
[0.001 1 10] | am | 7.770464 | [0.964819309300617;0.967290864153548] | 0.967291 
[0.001 1 100] | am | 7.688036 | [0.96613301863686;0.963728262563737] | 0.966133 
[0.001 1 500] | am | 7.746341 | [0.96461891296119;0.965175569459598] | 0.965176 
[0.001 5 10] | am | 7.712681 | [0.962793079646412;0.966333414976286] | 0.966333 
[0.001 5 100] | am | 7.740783 | [0.965554095878515;0.96377279508361] | 0.965554 
[0.001 5 500] | am | 7.758604 | [0.964017723942909;0.964507581661508] | 0.964508 
[0.0001 1 10] | am | 7.669095 | [0.965442764578834;0.965843557257687] | 0.965844 
[0.0001 1 100] | am | 7.726204 | [0.966756473915076;0.969740152746543] | 0.969740 
[0.0001 1 500] | am | 7.825856 | [0.967112734074058;0.964975173120171] | 0.967113 
[0.0001 5 10] | am | 7.690450 | [0.960544187392844;0.961145376411124] | 0.961145 
[0.0001 5 100] | am | 7.802136 | [0.959007815457238;0.960388323573289] | 0.960388 
[0.0001 5 500] | am | 7.734443 | [0.964485315401572;0.961813364209214] | 0.964485 
[0.0001 1 10] | am | 7.735857 | [0.9686713722696;0.965977154817305] | 0.968671 
[0.0001 1 100] | am | 7.729789 | [0.968738171049409;0.968136982031128] | 0.968738 
[0.0001 1 500] | am | 7.782778 | [0.963127073545457;0.9684264434103] | 0.968426 
[0.0001 5 10] | am | 7.741676 | [0.952817795194941;0.919373872770591] | 0.952818 
[0.0001 5 100] | am | 7.796278 | [0.966066219857051;0.967736189352274] | 0.967736 
[0.0001 5 500] | am | 7.756386 | [0.949188394825321;0.893366881164971] | 0.949188 
[0.01 1 10] | an | 3.189564 | [0.869765908341576;0.86268476289906] | 0.869766 
[0.01 1 100] | an | 3.158726 | [0.86613913616881;0.86235507445464] | 0.866139 
[0.01 1 500] | an | 3.173484 | [0.864545554456534;0.86345403593604] | 0.864546 
[0.01 5 10] | an | 3.168770 | [0.892350807781075;0.85548656519589] | 0.892351 
[0.01 5 100] | an | 3.144538 | [0.87037037037037;0.86136600912138] | 0.870370 
[0.01 5 500] | an | 3.184230 | [0.88158039344983;0.86015715149184] | 0.881580 
[0.001 1 10] | an | 3.147433 | [0.921310034069678;0.921094565635474] | 0.921310 
[0.001 1 100] | an | 3.170731 | [0.921090229695571;0.919775811857794] | 0.921090 
[0.001 1 500] | an | 3.173980 | [0.92433234421365;0.913182042969394] | 0.924332 
[0.001 5 10] | an | 3.139675 | [0.8954830201121;0.907412495192043] | 0.907412 
[0.001 5 100] | an | 3.163949 | [0.90922079349379;0.904720039562613] | 0.909221 
[0.001 5 500] | an | 3.150513 | [0.914935707220574;0.894389801637453] | 0.914936 
[0.0001 1 10] | an | 3.155740 | [0.926695241235301;0.921204461783614] | 0.926695 
[0.0001 1 100] | an | 3.144210 | [0.899769205407188;0.918237265783834] | 0.918237 
[0.0001 1 500] | an | 3.160167 | [0.925376414990658;0.924940930820375] | 0.925376 
[0.0001 5 10] | an | 3.172995 | [0.898010770414331;0.892796307489423] | 0.898011 
[0.0001 5 100] | an | 3.160977 | [0.898450379162545;0.909775262377054] | 0.909775 
[0.0001 5 500] | an | 3.171163 | [0.916474337839323;0.880872575416232] | 0.916474 
[0.0001 1 10] | an | 3.159279 | [0.904879657105176;0.924721138524095] | 0.924721 
[0.0001 1 100] | an | 3.132661 | [0.920156061105616;0.909390625858564] | 0.920156 
[0.0001 1 500] | an | 3.153725 | [0.921364985163205;0.900214297488873] | 0.921365 
[0.0001 5 10] | an | 3.172030 | [0.892350807781075;0.873949118083411] | 0.892351 
[0.0001 5 100] | an | 3.148768 | [0.905209363666337;0.900489037859223] | 0.905209 
[0.0001 5 500] | an | 3.164385 | [0.913067370040664;0.919446123413374] | 0.919446 
